In [5]: run mgcg.py
____________________________________________________________
M= 11 L= 6
method: <function interpolation_matrix at 0x7fe7c1569d08> ,	 65 iterations
time elapsed= 7.588343381881714
____________________________________________________________
____________________________________________________________
M= 11 L= 6
method: <function interpolation_matrix_2 at 0x7fe7c1569d90> ,	 41 iterations
time elapsed= 4.9514479637146
____________________________________________________________
____________________________________________________________
M= 11 L= 6
method: None ,	 512 iterations
time elapsed= 3.9358863830566406
____________________________________________________________
____________________________________________________________
M= 12 L= 7
method: <function interpolation_matrix at 0x7fe7c1569d08> ,	 99 iterations
time elapsed= 45.84742569923401
____________________________________________________________
____________________________________________________________
M= 12 L= 7
method: <function interpolation_matrix_2 at 0x7fe7c1569d90> ,	 61 iterations
time elapsed= 28.84040141105652
____________________________________________________________
____________________________________________________________
M= 12 L= 7
method: None ,	 1024 iterations
time elapsed= 29.221490144729614
____________________________________________________________
____________________________________________________________
M= 13 L= 8
method: <function interpolation_matrix at 0x7fe7c1569d08> ,	 158 iterations
time elapsed= 256.6284234523773
____________________________________________________________
____________________________________________________________
M= 13 L= 8
method: <function interpolation_matrix_2 at 0x7fe7c1569d90> ,	 87 iterations
time elapsed= 154.2831733226776
____________________________________________________________
____________________________________________________________
M= 13 L= 8
method: None ,	 2048 iterations
time elapsed= 230.1282079219818
____________________________________________________________
